075C:0000 B85B07         MOV       AX,075B  
075C:0003 8ED8           MOV       DS,AX  
075C:0005 33C0           XOR       AX,AX  
075C:0007 B90400         MOV       CX,0004  
075C:000A BE0000         MOV       SI,0000  
075C:000D 8A04           MOV       AL,BYTE PTR [SI]  
075C:000F 46             INC       SI  
075C:0010 0204           ADD       AL,BYTE PTR [SI]  
075C:0012 80D400         ADC       AH,00  
075C:0015 E2F8           LOOP      000F  
075C:0017 A30500         MOV       WORD PTR [0005],AX  
075C:001A B44C           MOV       AH,4C  
075C:001C CD21           INT       21  
075C:001E 01F8           ADD       AX,DI  
075C:0020 EB01           JMP       0023  
075B:0000  22 11 BB 7B 88 F1 01 00 00 00 00 00 00 
075B:000D  00 00 00 B8 5B 07 8E D8 33 C0 B9 04 00  
075B:001A  BE 00 00 8A 04 46 02 04 80 D4 00 E2 F8  
075B:0027  A3 05 00 B4 4C CD 21 01 F8 EB 01 F9 5E 
075B:0034  5A 59 5B C3 80 3E E5 27 00 74 01 C3 53  
075B:0041  56 06 BE 20 02 A1 D0 01 40 89 04 A1 CA  
075B:004E  01 89 44 08 A1 14 02 89 44 0A 33 C0 89  
3À‰
075B:005B  44 02 89 44 04 89 44 06 89 44 0C 89 44  D‰D‰D‰D‰D
 AX = 4CF1
 BX = 0000
 CX = 0000
 DX = 0000
 SP = 0000
 BP = 0000
 SI = 0004
 DI = 0000
 DS = 075B
 ES = 074B
 SS = 075A
 CS = 075C
 IP = 001E
 FL = 0202

NV UP EI PL
NZ NA PO NC



